<?xml version="1.0" encoding="UTF-8" ?>
<testsuite tests="8" failures="0" name="com.gft.avaliacao.service.PedidoServiceTest" time="0.128" errors="0" skipped="0">
  <properties>
    <property name="java.runtime.name" value="Java(TM) SE Runtime Environment"/>
    <property name="sun.boot.library.path" value="D:\Desenv\Java\jdk8\jre\bin"/>
    <property name="java.vm.version" value="25.144-b01"/>
    <property name="java.vm.vendor" value="Oracle Corporation"/>
    <property name="maven.multiModuleProjectDirectory" value="D:\Desenv\workspaces\TRADER\app\avaliacaogft"/>
    <property name="java.vendor.url" value="http://java.oracle.com/"/>
    <property name="path.separator" value=";"/>
    <property name="guice.disable.misplaced.annotation.check" value="true"/>
    <property name="java.vm.name" value="Java HotSpot(TM) 64-Bit Server VM"/>
    <property name="file.encoding.pkg" value="sun.io"/>
    <property name="user.script" value=""/>
    <property name="user.country" value="BR"/>
    <property name="sun.java.launcher" value="SUN_STANDARD"/>
    <property name="sun.os.patch.level" value=""/>
    <property name="java.vm.specification.name" value="Java Virtual Machine Specification"/>
    <property name="user.dir" value="D:\Desenv\workspaces\TRADER\app\avaliacaogft"/>
    <property name="java.runtime.version" value="1.8.0_144-b01"/>
    <property name="java.awt.graphicsenv" value="sun.awt.Win32GraphicsEnvironment"/>
    <property name="java.endorsed.dirs" value="D:\Desenv\Java\jdk8\jre\lib\endorsed"/>
    <property name="os.arch" value="amd64"/>
    <property name="java.io.tmpdir" value="C:\Users\rafab\AppData\Local\Temp\"/>
    <property name="line.separator" value="
"/>
    <property name="java.vm.specification.vendor" value="Oracle Corporation"/>
    <property name="user.variant" value=""/>
    <property name="os.name" value="Windows 10"/>
    <property name="classworlds.conf" value="D:\Desenv\workspaces\TRADER\app\.metadata\.plugins\org.eclipse.m2e.launching\launches\m2conf6227073804787918683.tmp"/>
    <property name="sun.jnu.encoding" value="Cp1252"/>
    <property name="java.library.path" value="D:\Desenv\Java\jdk8\bin;C:\WINDOWS\Sun\Java\bin;C:\WINDOWS\system32;C:\WINDOWS;C:/Program Files/Java/jre1.8.0_144/bin/server;C:/Program Files/Java/jre1.8.0_144/bin;C:/Program Files/Java/jre1.8.0_144/lib/amd64;C:\Program Files\Docker\Docker\Resources\bin;C:\ProgramData\Oracle\Java\javapath;C:\WINDOWS\system32;C:\WINDOWS;C:\WINDOWS\System32\Wbem;C:\WINDOWS\System32\WindowsPowerShell\v1.0\;C:\Program Files\Java\jdk1.8.0_131\bin;C:\Program Files (x86)\Windows Live\Shared;D:\Aplicativos\Putty\;D:\Aplicativos\OpenVPN\bin;D:\Aplicativos\Git\cmd;D:\Aplicativos\Amazon\AWSCLI\;D:\Aplicativos\nodejs\;D:\Aplicativos\Cloud Foundry;C:\WINDOWS\System32\OpenSSH\;C:\Users\rafab\AppData\Local\Microsoft\WindowsApps;C:\Users\rafab\AppData\Local\GitHubDesktop\bin;C:\Users\rafab\AppData\Local\Microsoft\WindowsApps;D:\Aplicativos\Heroku\bin;C:\Program Files (x86)\Microsoft VS Code\bin;C:\Users\rafab\AppData\Roaming\npm;;D:\Desenv\eclipse\eclipse-jee-neon-3-win32-x86_64\eclipse;;."/>
    <property name="java.specification.name" value="Java Platform API Specification"/>
    <property name="java.class.version" value="52.0"/>
    <property name="sun.management.compiler" value="HotSpot 64-Bit Tiered Compilers"/>
    <property name="os.version" value="10.0"/>
    <property name="user.home" value="C:\Users\rafab"/>
    <property name="user.timezone" value="America/Sao_Paulo"/>
    <property name="java.awt.printerjob" value="sun.awt.windows.WPrinterJob"/>
    <property name="java.specification.version" value="1.8"/>
    <property name="file.encoding" value="Cp1252"/>
    <property name="user.name" value="rafab"/>
    <property name="java.class.path" value="/D:/Desenv/eclipse/eclipse-jee-neon-3-win32-x86_64/eclipse/plugins/org.eclipse.m2e.maven.runtime_1.7.0.20160603-1931/jars/plexus-classworlds-2.5.2.jar"/>
    <property name="java.vm.specification.version" value="1.8"/>
    <property name="sun.arch.data.model" value="64"/>
    <property name="java.home" value="D:\Desenv\Java\jdk8\jre"/>
    <property name="sun.java.command" value="org.codehaus.plexus.classworlds.launcher.Launcher -B clean package install"/>
    <property name="java.specification.vendor" value="Oracle Corporation"/>
    <property name="user.language" value="pt"/>
    <property name="awt.toolkit" value="sun.awt.windows.WToolkit"/>
    <property name="java.vm.info" value="mixed mode"/>
    <property name="java.version" value="1.8.0_144"/>
    <property name="java.ext.dirs" value="D:\Desenv\Java\jdk8\jre\lib\ext;C:\WINDOWS\Sun\Java\lib\ext"/>
    <property name="sun.boot.class.path" value="D:\Desenv\Java\jdk8\jre\lib\resources.jar;D:\Desenv\Java\jdk8\jre\lib\rt.jar;D:\Desenv\Java\jdk8\jre\lib\sunrsasign.jar;D:\Desenv\Java\jdk8\jre\lib\jsse.jar;D:\Desenv\Java\jdk8\jre\lib\jce.jar;D:\Desenv\Java\jdk8\jre\lib\charsets.jar;D:\Desenv\Java\jdk8\jre\lib\jfr.jar;D:\Desenv\Java\jdk8\jre\classes"/>
    <property name="java.vendor" value="Oracle Corporation"/>
    <property name="maven.home" value="D:\Desenv\workspaces\TRADER\app\avaliacaogft\EMBEDDED"/>
    <property name="file.separator" value="\"/>
    <property name="java.vendor.url.bug" value="http://bugreport.sun.com/bugreport/"/>
    <property name="sun.cpu.endian" value="little"/>
    <property name="sun.io.unicode.encoding" value="UnicodeLittle"/>
    <property name="sun.desktop" value="windows"/>
    <property name="sun.cpu.isalist" value="amd64"/>
  </properties>
  <testcase classname="com.gft.avaliacao.service.PedidoServiceTest" name="ordemSemPeriodoInformado" time="0"/>
  <testcase classname="com.gft.avaliacao.service.PedidoServiceTest" name="ordemNoiteDuplaBatata" time="0.126"/>
  <testcase classname="com.gft.avaliacao.service.PedidoServiceTest" name="ordemManhaCompleta" time="0.001"/>
  <testcase classname="com.gft.avaliacao.service.PedidoServiceTest" name="ordemManhaTriploCafe" time="0"/>
  <testcase classname="com.gft.avaliacao.service.PedidoServiceTest" name="ordemNoiteCompleta" time="0.001"/>
  <testcase classname="com.gft.avaliacao.service.PedidoServiceTest" name="ordemManhaSobremesa" time="0"/>
  <testcase classname="com.gft.avaliacao.service.PedidoServiceTest" name="ordemSemItensInformados" time="0"/>
  <testcase classname="com.gft.avaliacao.service.PedidoServiceTest" name="OrdemManhaInvertida" time="0"/>
</testsuite>